<?xml version="1.0" encoding="UTF-8"?>
<testng-results ignored="0" total="1" passed="1" failed="0" skipped="0">
  <reporter-output>
  </reporter-output>
  <suite started-at="2024-04-18T12:22:38 MESZ" name="Smoky" finished-at="2024-04-18T12:23:09 MESZ" duration-ms="31057">
    <groups>
    </groups>
    <test started-at="2024-04-18T12:22:38 MESZ" name="Nopackage" finished-at="2024-04-18T12:23:09 MESZ" duration-ms="31057">
      <class name="com.demoqa.tests.PracticeFormTest">
        <test-method is-config="true" signature="init()[pri:0, instance:com.demoqa.tests.PracticeFormTest@1eb5174b]" started-at="2024-04-18T12:22:38 MESZ" name="init" finished-at="2024-04-18T12:22:54 MESZ" duration-ms="15718" status="PASS">
          <reporter-output>
          </reporter-output>
        </test-method> <!-- init -->
        <test-method is-config="true" signature="precondition()[pri:0, instance:com.demoqa.tests.PracticeFormTest@1eb5174b]" started-at="2024-04-18T12:22:54 MESZ" name="precondition" finished-at="2024-04-18T12:22:55 MESZ" duration-ms="1345" status="PASS">
          <reporter-output>
          </reporter-output>
        </test-method> <!-- precondition -->
        <test-method signature="createStudentAccountTest()[pri:0, instance:com.demoqa.tests.PracticeFormTest@1eb5174b]" started-at="2024-04-18T12:22:55 MESZ" name="createStudentAccountTest" finished-at="2024-04-18T12:23:07 MESZ" duration-ms="11768" status="PASS">
          <reporter-output>
          </reporter-output>
        </test-method> <!-- createStudentAccountTest -->
        <test-method is-config="true" signature="tearDown()[pri:0, instance:com.demoqa.tests.PracticeFormTest@1eb5174b]" started-at="2024-04-18T12:23:07 MESZ" name="tearDown" finished-at="2024-04-18T12:23:09 MESZ" duration-ms="1917" status="PASS">
          <reporter-output>
          </reporter-output>
        </test-method> <!-- tearDown -->
      </class> <!-- com.demoqa.tests.PracticeFormTest -->
    </test> <!-- Nopackage -->
  </suite> <!-- Smoky -->
</testng-results>
